<?xml version="1.0" encoding="UTF-8"?>
<!-- Generated by org.testng.reporters.JUnitReportReporter -->
<testsuite name="com.chep.ChepTest" tests="11" time="348.902" ignored="0" failures="0" timestamp="10 Feb 2022 14:43:53 GMT" skipped="0" hostname="SL-1549.local" errors="0">
  <testcase name="ChepPageTitle" time="33.387" classname="com.chep.ChepTest"/>
  <testcase name="ChepPageTitle" time="27.694" classname="com.chep.ChepTest"/>
  <testcase name="ChepPageTitle" time="47.781" classname="com.chep.ChepTest"/>
  <testcase name="ChepPageTitle" time="15.224" classname="com.chep.ChepTest"/>
  <testcase name="ChepPageTitle" time="22.377" classname="com.chep.ChepTest"/>
  <testcase name="ChepPageTitle" time="21.124" classname="com.chep.ChepTest"/>
  <testcase name="ChepPageTitle" time="28.365" classname="com.chep.ChepTest"/>
  <testcase name="ChepPageTitle" time="54.865" classname="com.chep.ChepTest"/>
  <testcase name="ChepPageTitle" time="51.993" classname="com.chep.ChepTest"/>
  <testcase name="ChepPageTitle" time="22.467" classname="com.chep.ChepTest"/>
  <testcase name="ChepPageTitle" time="23.625" classname="com.chep.ChepTest"/>
</testsuite> <!-- com.chep.ChepTest -->
