<?xml version="1.0" encoding="UTF-8"?>
<!-- Generated by org.testng.reporters.JUnitReportReporter -->
<testsuite name="com.patterson.PattersonTest" tests="22" time="626.983" ignored="0" failures="0" timestamp="11 May 2022 19:58:39 GMT" skipped="0" hostname="SL-1549.local" errors="0">
  <testcase name="WhoWeAre" time="14.619" classname="com.patterson.PattersonTest"/>
  <testcase name="PattersonTitle" time="15.223" classname="com.patterson.PattersonTest"/>
  <testcase name="WhoWeAre" time="9.760" classname="com.patterson.PattersonTest"/>
  <testcase name="PattersonTitle" time="25.616" classname="com.patterson.PattersonTest"/>
  <testcase name="PattersonTitle" time="10.325" classname="com.patterson.PattersonTest"/>
  <testcase name="WhoWeAre" time="25.428" classname="com.patterson.PattersonTest"/>
  <testcase name="WhoWeAre" time="50.153" classname="com.patterson.PattersonTest"/>
  <testcase name="WhoWeAre" time="24.525" classname="com.patterson.PattersonTest"/>
  <testcase name="PattersonTitle" time="48.490" classname="com.patterson.PattersonTest"/>
  <testcase name="PattersonTitle" time="19.461" classname="com.patterson.PattersonTest"/>
  <testcase name="PattersonTitle" time="54.753" classname="com.patterson.PattersonTest"/>
  <testcase name="PattersonTitle" time="120.205" classname="com.patterson.PattersonTest"/>
  <testcase name="PattersonTitle" time="22.669" classname="com.patterson.PattersonTest"/>
  <testcase name="WhoWeAre" time="17.503" classname="com.patterson.PattersonTest"/>
  <testcase name="WhoWeAre" time="12.575" classname="com.patterson.PattersonTest"/>
  <testcase name="WhoWeAre" time="13.840" classname="com.patterson.PattersonTest"/>
  <testcase name="WhoWeAre" time="50.102" classname="com.patterson.PattersonTest"/>
  <testcase name="PattersonTitle" time="20.041" classname="com.patterson.PattersonTest"/>
  <testcase name="WhoWeAre" time="20.625" classname="com.patterson.PattersonTest"/>
  <testcase name="WhoWeAre" time="26.388" classname="com.patterson.PattersonTest"/>
  <testcase name="PattersonTitle" time="10.823" classname="com.patterson.PattersonTest"/>
  <testcase name="PattersonTitle" time="13.859" classname="com.patterson.PattersonTest"/>
</testsuite> <!-- com.patterson.PattersonTest -->
